#
# A fatal error has been detected by the Java Runtime Environment:
#
#  SIGBUS (0xa) at pc=0x00000001042f1e91, pid=1388, tid=39427
#
# JRE version: OpenJDK Runtime Environment (15.0.2+7) (build 15.0.2+7-27)
# Java VM: OpenJDK 64-Bit Server VM (15.0.2+7-27, mixed mode, tiered, compressed oops, g1 gc, bsd-amd64)
# Problematic frame:
# V  [libjvm.dylib+0x2f1e91]  ConstantPool::impl_signature_ref_at(int, bool)+0x21
#
# No core dump will be written. Core dumps have been disabled. To enable core dumping, try "ulimit -c unlimited" before starting Java again
#
# If you would like to submit a bug report, please visit:
#   https://bugreport.java.com/bugreport/crash.jsp
#

---------------  S U M M A R Y ------------

Command Line: -XX:+ShowCodeDetailsInExceptionMessages -agentlib:jdwp=transport=dt_socket,suspend=y,address=localhost:49207 -javaagent:/Applications/Eclipse.app/Contents/Eclipse/configuration/org.eclipse.osgi/550/0/.cp/lib/javaagent-shaded.jar -Dfile.encoding=UTF-8 de.bfw.klassenundobjekte.OOP_KlassenUndObjekte

Host: MacBookPro12,1 x86_64 3100 MHz, 4 cores, 16G, Darwin 20.6.0
Time: Thu Aug 12 15:46:19 2021 CEST elapsed time: 1688.091083 seconds (0d 0h 28m 8s)

---------------  T H R E A D  ---------------

Current thread (0x00007fef1d0e7400):  JavaThread "JDWP Transport Listener: dt_socket" daemon [_thread_in_vm, id=39427, stack(0x000070000c19f000,0x000070000c29f000)] _threads_hazard_ptr=0x00007fef1c456be0

Stack: [0x000070000c19f000,0x000070000c29f000],  sp=0x000070000c29ce00,  free space=1015k
Native frames: (J=compiled Java code, A=aot compiled Java code, j=interpreted, Vv=VM code, C=native code)
V  [libjvm.dylib+0x2f1e91]  ConstantPool::impl_signature_ref_at(int, bool)+0x21
V  [libjvm.dylib+0x431bcf]  GenerateOopMap::do_method(int, int, int, int)+0x3f
V  [libjvm.dylib+0x42e28f]  GenerateOopMap::interp_bb(BasicBlock*)+0xdf
V  [libjvm.dylib+0x42d9a9]  GenerateOopMap::do_interpretation()+0x89
V  [libjvm.dylib+0x432a3c]  GenerateOopMap::compute_map(Thread*)+0x21c
V  [libjvm.dylib+0x81d4cd]  OopMapForCacheEntry::compute_map(Thread*)+0x5d
V  [libjvm.dylib+0x81e2df]  OopMapCacheEntry::fill(methodHandle const&, int)+0xef
V  [libjvm.dylib+0x81f5bb]  OopMapCache::compute_one_oop_map(methodHandle const&, int, InterpreterOopMap*)+0x6b
V  [libjvm.dylib+0x7cec58]  Method::mask_for(int, InterpreterOopMap*)+0x128
V  [libjvm.dylib+0x9f203d]  interpretedVFrame::stack_data(bool) const+0x4d
V  [libjvm.dylib+0x68483b]  VM_GetOrSetLocal::doit_prologue()+0x12b
V  [libjvm.dylib+0xa0b4ad]  VMThread::execute(VM_Operation*)+0x12d
V  [libjvm.dylib+0x6682c3]  JvmtiEnv::GetLocalObject(JavaThread*, int, int, _jobject**)+0x53
V  [libjvm.dylib+0x621e3d]  jvmti_GetLocalObject(_jvmtiEnv*, _jobject*, int, int, _jobject**)+0x14d
C  [libjdwp.dylib+0x7ae0]  getValues+0x1b0
C  [libjdwp.dylib+0x10fd9]  debugLoop_run+0x219
C  [libjdwp.dylib+0x257e6]  attachThread+0x76
V  [libjvm.dylib+0x682786]  JvmtiAgentThread::call_start_function()+0x86
V  [libjvm.dylib+0x99ae92]  JavaThread::thread_main_inner()+0xb2
V  [libjvm.dylib+0x997fa1]  Thread::call_run()+0x71
V  [libjvm.dylib+0x82a037]  thread_native_entry(Thread*)+0x197
C  [libsystem_pthread.dylib+0x68fc]  _pthread_start+0xe0
C  [libsystem_pthread.dylib+0x2443]  thread_start+0xf


siginfo: si_signo: 10 (SIGBUS), si_code: 2 (BUS_ADRERR), si_addr: 0x0000000125b9d0b0

Register to memory mapping:

RAX=0x0000000125a08fe8 is pointing into metadata
RBX=0x000070000c29d2a8 is pointing into the stack for thread: 0x00007fef1d0e7400
RCX=0x000000000000ffff is an unknown value
RDX=0x00000000001940a0 is an unknown value
RSP=0x000070000c29ce00 is pointing into the stack for thread: 0x00007fef1d0e7400
RBP=0x000070000c29ce00 is pointing into the stack for thread: 0x00007fef1d0e7400
RSI=0x000000000000ca05 is an unknown value
RDI=0x0000000125a08930 is pointing into metadata
R8 =0x0000000000000025 is an unknown value
R9 =0x00007fef1c5914f0 points into unknown readable memory: 0x0000000125a08f78 | 78 8f a0 25 01 00 00 00
R10=0x0000000000000008 is an unknown value
R11=0xffffffffffffffa0 is an unknown value
R12=0x000070000c29d468 is pointing into the stack for thread: 0x00007fef1d0e7400
R13=0x00007fef1c5bfd10 points into unknown readable memory: 0x0000000125a08f78 | 78 8f a0 25 01 00 00 00
R14=0x0 is NULL
R15=0x0000000000000025 is an unknown value


Registers:
RAX=0x0000000125a08fe8, RBX=0x000070000c29d2a8, RCX=0x000000000000ffff, RDX=0x00000000001940a0
RSP=0x000070000c29ce00, RBP=0x000070000c29ce00, RSI=0x000000000000ca05, RDI=0x0000000125a08930
R8 =0x0000000000000025, R9 =0x00007fef1c5914f0, R10=0x0000000000000008, R11=0xffffffffffffffa0
R12=0x000070000c29d468, R13=0x00007fef1c5bfd10, R14=0x0000000000000000, R15=0x0000000000000025
RIP=0x00000001042f1e91, EFLAGS=0x0000000000010206, ERR=0x0000000000000004
  TRAPNO=0x000000000000000e

Top of Stack: (sp=0x000070000c29ce00)
0x000070000c29ce00:   000070000c29d290 0000000104431bcf
0x000070000c29ce10:   000000070fc61978 00007fef1f0cdc38
0x000070000c29ce20:   000000070000000e 0000000000000000
0x000070000c29ce30:   000070000c29ce40 0000000700000001
0x000070000c29ce40:   000000074fffffff 000000070fc60360
0x000070000c29ce50:   000000070fc602d8 000000070fc60250
0x000070000c29ce60:   000000070fc601d0 000000070fc600a8
0x000070000c29ce70:   000000070fc5fe20 000000070fc5fda0
0x000070000c29ce80:   000000070fc5fd20 000000070fc5fca0
0x000070000c29ce90:   000000070fc5fbb8 000000070fc5fb10
0x000070000c29cea0:   000000070fc5fa90 000000070fc55a38
0x000070000c29ceb0:   000000070fc55718 000000070fc55650
0x000070000c29cec0:   000000070fc55650 000000070fc55580
0x000070000c29ced0:   000000070fc55458 000000070fc55090
0x000070000c29cee0:   000000070fc55010 000000070fc54f90
0x000070000c29cef0:   000000070fc54748 000000070fc54698
0x000070000c29cf00:   000000070fc54378 000000070fc542f0
0x000070000c29cf10:   000000070fc54268 000000070fc54110
0x000070000c29cf20:   000000070fc52870 000000070fc527f0
0x000070000c29cf30:   000000070fc526f8 000000070fc52678
0x000070000c29cf40:   000000070fc525e8 000000070fc52310
0x000070000c29cf50:   000000070fc52228 000000070fc52190
0x000070000c29cf60:   000000070fc51f18 000000070fc51ac8
0x000070000c29cf70:   000000070fc51048 000000070fc50e90
0x000070000c29cf80:   000000070fc50c20 000000070fc50ba0
0x000070000c29cf90:   000000070fc50370 000000070fc4fe78
0x000070000c29cfa0:   000000070fc4fdd0 000000070fc4d9c8
0x000070000c29cfb0:   000000070fc4d910 000000070fc4d6d8
0x000070000c29cfc0:   000000070fc4d5c8 000000070fc4d5c8
0x000070000c29cfd0:   000000070fc4d4c0 000000070fc4c918
0x000070000c29cfe0:   000000070fc4c318 000000070fc4c298
0x000070000c29cff0:   000000070fc4aa28 000000070fc4a990 

Instructions: (pc=0x00000001042f1e91)
0x00000001042f1d91:   c3 66 66 66 66 66 2e 0f 1f 84 00 00 00 00 00 55
0x00000001042f1da1:   48 89 e5 85 d2 75 20 48 8b 47 10 48 85 c0 74 17
0x00000001042f1db1:   85 f6 78 41 48 63 d6 48 c1 e2 05 b9 ff ff 00 00
0x00000001042f1dc1:   48 23 4c 10 28 eb 17 48 8b 47 08 48 63 ce 8a 44
0x00000001042f1dd1:   08 04 89 c2 80 c2 ef 80 fa 02 72 02 3c 6a 48 8d
0x00000001042f1de1:   44 cf 48 48 83 c7 48 0f b7 40 02 0f b7 04 c7 48
0x00000001042f1df1:   8b 04 c7 5d c3 f7 d6 48 63 ce 48 c1 e1 05 ba ff
0x00000001042f1e01:   ff 00 00 48 23 54 08 28 48 8d 44 d7 48 eb d4 55
0x00000001042f1e11:   48 89 e5 48 63 c6 0f b7 44 c7 48 5d c3 66 90 55
0x00000001042f1e21:   48 89 e5 85 d2 75 27 48 8b 47 10 48 85 c0 74 1e
0x00000001042f1e31:   85 f6 79 02 f7 d6 48 63 d6 48 c1 e2 05 b9 ff ff
0x00000001042f1e41:   00 00 48 23 4c 10 28 0f b7 44 cf 4a 5d c3 48 8b
0x00000001042f1e51:   47 08 48 63 ce 8a 44 08 04 0f b7 44 cf 4a 5d c3
0x00000001042f1e61:   66 66 66 66 66 66 2e 0f 1f 84 00 00 00 00 00 55
0x00000001042f1e71:   48 89 e5 85 d2 75 20 48 8b 47 10 48 85 c0 74 17
0x00000001042f1e81:   85 f6 78 42 48 63 d6 48 c1 e2 05 b9 ff ff 00 00
0x00000001042f1e91:   48 23 4c 10 28 eb 17 48 8b 47 08 48 63 ce 8a 44
0x00000001042f1ea1:   08 04 89 c2 80 c2 ef 80 fa 02 72 02 3c 6a 48 8d
0x00000001042f1eb1:   44 cf 48 48 83 c7 48 0f b7 40 02 0f b7 44 c7 02
0x00000001042f1ec1:   48 8b 04 c7 5d c3 f7 d6 48 63 ce 48 c1 e1 05 ba
0x00000001042f1ed1:   ff ff 00 00 48 23 54 08 28 48 8d 44 d7 48 eb d3
0x00000001042f1ee1:   66 66 66 66 66 66 2e 0f 1f 84 00 00 00 00 00 55
0x00000001042f1ef1:   48 89 e5 48 63 c6 0f b7 44 c7 4a 5d c3 66 90 55
0x00000001042f1f01:   48 89 e5 48 8b 47 10 48 63 ce 48 c1 e1 05 48 8b
0x00000001042f1f11:   44 08 28 0f b7 c0 5d c3 0f 1f 80 00 00 00 00 55
0x00000001042f1f21:   48 89 e5 85 d2 75 1e 48 8b 47 10 48 85 c0 74 15
0x00000001042f1f31:   85 f6 79 02 f7 d6 48 63 ce 48 c1 e1 05 48 8b 44
0x00000001042f1f41:   08 28 0f b7 f0 48 8b 47 08 48 63 ce 8a 44 08 04
0x00000001042f1f51:   5d c3 66 66 66 66 2e 0f 1f 84 00 00 00 00 00 55
0x00000001042f1f61:   48 89 e5 41 57 41 56 53 50 41 89 d7 89 f3 49 89
0x00000001042f1f71:   fe 85 db 78 1f 45 84 ff 75 45 49 8b 46 10 48 85
0x00000001042f1f81:   c0 74 3c 48 63 cb 48 c1 e1 05 48 8b 44 08 28 0f 


Stack slot to memory mapping:
stack at sp + 0 slots: 0x000070000c29d290 is pointing into the stack for thread: 0x00007fef1d0e7400
stack at sp + 1 slots: 0x0000000104431bcf: _ZN14GenerateOopMap9do_methodEiiii+0x3f in /Applications/Eclipse.app/Contents/Eclipse/plugins/org.eclipse.justj.openjdk.hotspot.jre.full.macosx.x86_64_15.0.2.v20210201-0955/jre/lib/server/libjvm.dylib at 0x0000000104000000
stack at sp + 2 slots: 0x000000070fc61978 is an oop: java.lang.Class 
{0x000000070fc61978} - klass: 'java/lang/Class'
stack at sp + 3 slots: 0x00007fef1f0cdc38 points into unknown readable memory: 0x292800038199ffff | ff ff 99 81 03 00 28 29
stack at sp + 4 slots: 0x000000070000000e points into unknown readable memory: 00 00
stack at sp + 5 slots: 0x0 is NULL
stack at sp + 6 slots: 0x000070000c29ce40 is pointing into the stack for thread: 0x00007fef1d0e7400
stack at sp + 7 slots: 0x0000000700000001 points into unknown readable memory: 00 00 00 00 00 00 00


---------------  P R O C E S S  ---------------

Threads class SMR info:
_java_thread_list=0x00007fef1c456be0, length=13, elements={
0x00007fef1d008c00, 0x00007fef1d0e1800, 0x00007fef1e00a400, 0x00007fef1d0e2a00,
0x00007fef1d0e3000, 0x00007fef1d0e4600, 0x00007fef1d0e9a00, 0x00007fef1c834200,
0x00007fef1c82ac00, 0x00007fef1d0e7400, 0x00007fef1c82b200, 0x00007fef1c819000,
0x00007fef1d80aa00
}

Java Threads: ( => current thread )
  0x00007fef1d008c00 JavaThread "main" [_thread_blocked, id=10243, stack(0x000070000b16c000,0x000070000b26c000)]
  0x00007fef1d0e1800 JavaThread "Reference Handler" daemon [_thread_blocked, id=15363, stack(0x000070000b881000,0x000070000b981000)]
  0x00007fef1e00a400 JavaThread "Finalizer" daemon [_thread_blocked, id=15619, stack(0x000070000b984000,0x000070000ba84000)]
  0x00007fef1d0e2a00 JavaThread "Signal Dispatcher" daemon [_thread_blocked, id=41987, stack(0x000070000bb8d000,0x000070000bc8d000)]
  0x00007fef1d0e3000 JavaThread "Service Thread" daemon [_thread_blocked, id=22787, stack(0x000070000bc90000,0x000070000bd90000)]
  0x00007fef1d0e4600 JavaThread "C2 CompilerThread0" daemon [_thread_blocked, id=23299, stack(0x000070000bd93000,0x000070000be93000)]
  0x00007fef1d0e9a00 JavaThread "C1 CompilerThread0" daemon [_thread_blocked, id=24067, stack(0x000070000be96000,0x000070000bf96000)]
  0x00007fef1c834200 JavaThread "Sweeper thread" daemon [_thread_blocked, id=24835, stack(0x000070000bf99000,0x000070000c099000)]
  0x00007fef1c82ac00 JavaThread "Common-Cleaner" daemon [_thread_blocked, id=25603, stack(0x000070000c09c000,0x000070000c19c000)]
=>0x00007fef1d0e7400 JavaThread "JDWP Transport Listener: dt_socket" daemon [_thread_in_vm, id=39427, stack(0x000070000c19f000,0x000070000c29f000)]
  0x00007fef1c82b200 JavaThread "JDWP Event Helper Thread" daemon [_thread_blocked, id=38659, stack(0x000070000c2a2000,0x000070000c3a2000)]
  0x00007fef1c819000 JavaThread "JDWP Command Reader" daemon [_thread_in_native, id=26883, stack(0x000070000c3a5000,0x000070000c4a5000)]
  0x00007fef1d80aa00 JavaThread "Notification Thread" daemon [_thread_blocked, id=27395, stack(0x000070000c4a8000,0x000070000c5a8000)]

Other Threads:
  0x00007fef1c4192c0 VMThread "VM Thread" [stack: 0x000070000b77e000,0x000070000b87e000] [id=18435]
  0x00007fef1c74db70 WatcherThread [stack: 0x000070000c5ab000,0x000070000c6ab000] [id=37635]
  0x00007fef1c51e750 GCTaskThread "GC Thread#0" [stack: 0x000070000b26f000,0x000070000b36f000] [id=19459]
  0x00007fef1c4068f0 ConcurrentGCThread "G1 Main Marker" [stack: 0x000070000b372000,0x000070000b472000] [id=12547]
  0x00007fef1c51f580 ConcurrentGCThread "G1 Conc#0" [stack: 0x000070000b475000,0x000070000b575000] [id=13059]
  0x00007fef1c53afe0 ConcurrentGCThread "G1 Refine#0" [stack: 0x000070000b578000,0x000070000b678000] [id=18691]
  0x00007fef1c408650 ConcurrentGCThread "G1 Young RemSet Sampling" [stack: 0x000070000b67b000,0x000070000b77b000] [id=14083]

Threads with active compile tasks:

VM state: not at safepoint (normal execution)

VM Mutex/Monitor currently owned by a thread: None

Heap address: 0x0000000700000000, size: 4096 MB, Compressed Oops mode: Zero based, Oop shift amount: 3
CDS disabled.
Compressed class space mapped at: 0x0000000800000000-0x0000000840000000, size: 1073741824
Narrow klass base: 0x0000000800000000, Narrow klass shift: 0, Narrow klass range: 0x40000000

GC Precious Log:
 CPUs: 4 total, 4 available
 Memory: 16384M
 Large Page Support: Disabled
 NUMA Support: Disabled
 Compressed Oops: Enabled (Zero based)
 Heap Region Size: 2M
 Heap Min Capacity: 8M
 Heap Initial Capacity: 256M
 Heap Max Capacity: 4G
 Pre-touch: Disabled
 Parallel Workers: 4
 Concurrent Workers: 1
 Concurrent Refinement Workers: 4
 Periodic GC: Disabled

Heap:
 garbage-first heap   total 262144K, used 4096K [0x0000000700000000, 0x0000000800000000)
  region size 2048K, 3 young (6144K), 0 survivors (0K)
 Metaspace       used 9234K, capacity 9374K, committed 9600K, reserved 1058816K
  class space    used 795K, capacity 821K, committed 896K, reserved 1048576K

Heap Regions: E=young(eden), S=young(survivor), O=old, HS=humongous(starts), HC=humongous(continues), CS=collection set, F=free, OA=open archive, CA=closed archive, TAMS=top-at-mark-start (previous, next)
|   0|0x0000000700000000, 0x0000000700000000, 0x0000000700200000|  0%| F|  |TAMS 0x0000000700000000, 0x0000000700000000| Untracked 
|   1|0x0000000700200000, 0x0000000700200000, 0x0000000700400000|  0%| F|  |TAMS 0x0000000700200000, 0x0000000700200000| Untracked 
|   2|0x0000000700400000, 0x0000000700400000, 0x0000000700600000|  0%| F|  |TAMS 0x0000000700400000, 0x0000000700400000| Untracked 
|   3|0x0000000700600000, 0x0000000700600000, 0x0000000700800000|  0%| F|  |TAMS 0x0000000700600000, 0x0000000700600000| Untracked 
|   4|0x0000000700800000, 0x0000000700800000, 0x0000000700a00000|  0%| F|  |TAMS 0x0000000700800000, 0x0000000700800000| Untracked 
|   5|0x0000000700a00000, 0x0000000700a00000, 0x0000000700c00000|  0%| F|  |TAMS 0x0000000700a00000, 0x0000000700a00000| Untracked 
|   6|0x0000000700c00000, 0x0000000700c00000, 0x0000000700e00000|  0%| F|  |TAMS 0x0000000700c00000, 0x0000000700c00000| Untracked 
|   7|0x0000000700e00000, 0x0000000700e00000, 0x0000000701000000|  0%| F|  |TAMS 0x0000000700e00000, 0x0000000700e00000| Untracked 
|   8|0x0000000701000000, 0x0000000701000000, 0x0000000701200000|  0%| F|  |TAMS 0x0000000701000000, 0x0000000701000000| Untracked 
|   9|0x0000000701200000, 0x0000000701200000, 0x0000000701400000|  0%| F|  |TAMS 0x0000000701200000, 0x0000000701200000| Untracked 
|  10|0x0000000701400000, 0x0000000701400000, 0x0000000701600000|  0%| F|  |TAMS 0x0000000701400000, 0x0000000701400000| Untracked 
|  11|0x0000000701600000, 0x0000000701600000, 0x0000000701800000|  0%| F|  |TAMS 0x0000000701600000, 0x0000000701600000| Untracked 
|  12|0x0000000701800000, 0x0000000701800000, 0x0000000701a00000|  0%| F|  |TAMS 0x0000000701800000, 0x0000000701800000| Untracked 
|  13|0x0000000701a00000, 0x0000000701a00000, 0x0000000701c00000|  0%| F|  |TAMS 0x0000000701a00000, 0x0000000701a00000| Untracked 
|  14|0x0000000701c00000, 0x0000000701c00000, 0x0000000701e00000|  0%| F|  |TAMS 0x0000000701c00000, 0x0000000701c00000| Untracked 
|  15|0x0000000701e00000, 0x0000000701e00000, 0x0000000702000000|  0%| F|  |TAMS 0x0000000701e00000, 0x0000000701e00000| Untracked 
|  16|0x0000000702000000, 0x0000000702000000, 0x0000000702200000|  0%| F|  |TAMS 0x0000000702000000, 0x0000000702000000| Untracked 
|  17|0x0000000702200000, 0x0000000702200000, 0x0000000702400000|  0%| F|  |TAMS 0x0000000702200000, 0x0000000702200000| Untracked 
|  18|0x0000000702400000, 0x0000000702400000, 0x0000000702600000|  0%| F|  |TAMS 0x0000000702400000, 0x0000000702400000| Untracked 
|  19|0x0000000702600000, 0x0000000702600000, 0x0000000702800000|  0%| F|  |TAMS 0x0000000702600000, 0x0000000702600000| Untracked 
|  20|0x0000000702800000, 0x0000000702800000, 0x0000000702a00000|  0%| F|  |TAMS 0x0000000702800000, 0x0000000702800000| Untracked 
|  21|0x0000000702a00000, 0x0000000702a00000, 0x0000000702c00000|  0%| F|  |TAMS 0x0000000702a00000, 0x0000000702a00000| Untracked 
|  22|0x0000000702c00000, 0x0000000702c00000, 0x0000000702e00000|  0%| F|  |TAMS 0x0000000702c00000, 0x0000000702c00000| Untracked 
|  23|0x0000000702e00000, 0x0000000702e00000, 0x0000000703000000|  0%| F|  |TAMS 0x0000000702e00000, 0x0000000702e00000| Untracked 
|  24|0x0000000703000000, 0x0000000703000000, 0x0000000703200000|  0%| F|  |TAMS 0x0000000703000000, 0x0000000703000000| Untracked 
|  25|0x0000000703200000, 0x0000000703200000, 0x0000000703400000|  0%| F|  |TAMS 0x0000000703200000, 0x0000000703200000| Untracked 
|  26|0x0000000703400000, 0x0000000703400000, 0x0000000703600000|  0%| F|  |TAMS 0x0000000703400000, 0x0000000703400000| Untracked 
|  27|0x0000000703600000, 0x0000000703600000, 0x0000000703800000|  0%| F|  |TAMS 0x0000000703600000, 0x0000000703600000| Untracked 
|  28|0x0000000703800000, 0x0000000703800000, 0x0000000703a00000|  0%| F|  |TAMS 0x0000000703800000, 0x0000000703800000| Untracked 
|  29|0x0000000703a00000, 0x0000000703a00000, 0x0000000703c00000|  0%| F|  |TAMS 0x0000000703a00000, 0x0000000703a00000| Untracked 
|  30|0x0000000703c00000, 0x0000000703c00000, 0x0000000703e00000|  0%| F|  |TAMS 0x0000000703c00000, 0x0000000703c00000| Untracked 
|  31|0x0000000703e00000, 0x0000000703e00000, 0x0000000704000000|  0%| F|  |TAMS 0x0000000703e00000, 0x0000000703e00000| Untracked 
|  32|0x0000000704000000, 0x0000000704000000, 0x0000000704200000|  0%| F|  |TAMS 0x0000000704000000, 0x0000000704000000| Untracked 
|  33|0x0000000704200000, 0x0000000704200000, 0x0000000704400000|  0%| F|  |TAMS 0x0000000704200000, 0x0000000704200000| Untracked 
|  34|0x0000000704400000, 0x0000000704400000, 0x0000000704600000|  0%| F|  |TAMS 0x0000000704400000, 0x0000000704400000| Untracked 
|  35|0x0000000704600000, 0x0000000704600000, 0x0000000704800000|  0%| F|  |TAMS 0x0000000704600000, 0x0000000704600000| Untracked 
|  36|0x0000000704800000, 0x0000000704800000, 0x0000000704a00000|  0%| F|  |TAMS 0x0000000704800000, 0x0000000704800000| Untracked 
|  37|0x0000000704a00000, 0x0000000704a00000, 0x0000000704c00000|  0%| F|  |TAMS 0x0000000704a00000, 0x0000000704a00000| Untracked 
|  38|0x0000000704c00000, 0x0000000704c00000, 0x0000000704e00000|  0%| F|  |TAMS 0x0000000704c00000, 0x0000000704c00000| Untracked 
|  39|0x0000000704e00000, 0x0000000704e00000, 0x0000000705000000|  0%| F|  |TAMS 0x0000000704e00000, 0x0000000704e00000| Untracked 
|  40|0x0000000705000000, 0x0000000705000000, 0x0000000705200000|  0%| F|  |TAMS 0x0000000705000000, 0x0000000705000000| Untracked 
|  41|0x0000000705200000, 0x0000000705200000, 0x0000000705400000|  0%| F|  |TAMS 0x0000000705200000, 0x0000000705200000| Untracked 
|  42|0x0000000705400000, 0x0000000705400000, 0x0000000705600000|  0%| F|  |TAMS 0x0000000705400000, 0x0000000705400000| Untracked 
|  43|0x0000000705600000, 0x0000000705600000, 0x0000000705800000|  0%| F|  |TAMS 0x0000000705600000, 0x0000000705600000| Untracked 
|  44|0x0000000705800000, 0x0000000705800000, 0x0000000705a00000|  0%| F|  |TAMS 0x0000000705800000, 0x0000000705800000| Untracked 
|  45|0x0000000705a00000, 0x0000000705a00000, 0x0000000705c00000|  0%| F|  |TAMS 0x0000000705a00000, 0x0000000705a00000| Untracked 
|  46|0x0000000705c00000, 0x0000000705c00000, 0x0000000705e00000|  0%| F|  |TAMS 0x0000000705c00000, 0x0000000705c00000| Untracked 
|  47|0x0000000705e00000, 0x0000000705e00000, 0x0000000706000000|  0%| F|  |TAMS 0x0000000705e00000, 0x0000000705e00000| Untracked 
|  48|0x0000000706000000, 0x0000000706000000, 0x0000000706200000|  0%| F|  |TAMS 0x0000000706000000, 0x0000000706000000| Untracked 
|  49|0x0000000706200000, 0x0000000706200000, 0x0000000706400000|  0%| F|  |TAMS 0x0000000706200000, 0x0000000706200000| Untracked 
|  50|0x0000000706400000, 0x0000000706400000, 0x0000000706600000|  0%| F|  |TAMS 0x0000000706400000, 0x0000000706400000| Untracked 
|  51|0x0000000706600000, 0x0000000706600000, 0x0000000706800000|  0%| F|  |TAMS 0x0000000706600000, 0x0000000706600000| Untracked 
|  52|0x0000000706800000, 0x0000000706800000, 0x0000000706a00000|  0%| F|  |TAMS 0x0000000706800000, 0x0000000706800000| Untracked 
|  53|0x0000000706a00000, 0x0000000706a00000, 0x0000000706c00000|  0%| F|  |TAMS 0x0000000706a00000, 0x0000000706a00000| Untracked 
|  54|0x0000000706c00000, 0x0000000706c00000, 0x0000000706e00000|  0%| F|  |TAMS 0x0000000706c00000, 0x0000000706c00000| Untracked 
|  55|0x0000000706e00000, 0x0000000706e00000, 0x0000000707000000|  0%| F|  |TAMS 0x0000000706e00000, 0x0000000706e00000| Untracked 
|  56|0x0000000707000000, 0x0000000707000000, 0x0000000707200000|  0%| F|  |TAMS 0x0000000707000000, 0x0000000707000000| Untracked 
|  57|0x0000000707200000, 0x0000000707200000, 0x0000000707400000|  0%| F|  |TAMS 0x0000000707200000, 0x0000000707200000| Untracked 
|  58|0x0000000707400000, 0x0000000707400000, 0x0000000707600000|  0%| F|  |TAMS 0x0000000707400000, 0x0000000707400000| Untracked 
|  59|0x0000000707600000, 0x0000000707600000, 0x0000000707800000|  0%| F|  |TAMS 0x0000000707600000, 0x0000000707600000| Untracked 
|  60|0x0000000707800000, 0x0000000707800000, 0x0000000707a00000|  0%| F|  |TAMS 0x0000000707800000, 0x0000000707800000| Untracked 
|  61|0x0000000707a00000, 0x0000000707a00000, 0x0000000707c00000|  0%| F|  |TAMS 0x0000000707a00000, 0x0000000707a00000| Untracked 
|  62|0x0000000707c00000, 0x0000000707c00000, 0x0000000707e00000|  0%| F|  |TAMS 0x0000000707c00000, 0x0000000707c00000| Untracked 
|  63|0x0000000707e00000, 0x0000000707e00000, 0x0000000708000000|  0%| F|  |TAMS 0x0000000707e00000, 0x0000000707e00000| Untracked 
|  64|0x0000000708000000, 0x0000000708000000, 0x0000000708200000|  0%| F|  |TAMS 0x0000000708000000, 0x0000000708000000| Untracked 
|  65|0x0000000708200000, 0x0000000708200000, 0x0000000708400000|  0%| F|  |TAMS 0x0000000708200000, 0x0000000708200000| Untracked 
|  66|0x0000000708400000, 0x0000000708400000, 0x0000000708600000|  0%| F|  |TAMS 0x0000000708400000, 0x0000000708400000| Untracked 
|  67|0x0000000708600000, 0x0000000708600000, 0x0000000708800000|  0%| F|  |TAMS 0x0000000708600000, 0x0000000708600000| Untracked 
|  68|0x0000000708800000, 0x0000000708800000, 0x0000000708a00000|  0%| F|  |TAMS 0x0000000708800000, 0x0000000708800000| Untracked 
|  69|0x0000000708a00000, 0x0000000708a00000, 0x0000000708c00000|  0%| F|  |TAMS 0x0000000708a00000, 0x0000000708a00000| Untracked 
|  70|0x0000000708c00000, 0x0000000708c00000, 0x0000000708e00000|  0%| F|  |TAMS 0x0000000708c00000, 0x0000000708c00000| Untracked 
|  71|0x0000000708e00000, 0x0000000708e00000, 0x0000000709000000|  0%| F|  |TAMS 0x0000000708e00000, 0x0000000708e00000| Untracked 
|  72|0x0000000709000000, 0x0000000709000000, 0x0000000709200000|  0%| F|  |TAMS 0x0000000709000000, 0x0000000709000000| Untracked 
|  73|0x0000000709200000, 0x0000000709200000, 0x0000000709400000|  0%| F|  |TAMS 0x0000000709200000, 0x0000000709200000| Untracked 
|  74|0x0000000709400000, 0x0000000709400000, 0x0000000709600000|  0%| F|  |TAMS 0x0000000709400000, 0x0000000709400000| Untracked 
|  75|0x0000000709600000, 0x0000000709600000, 0x0000000709800000|  0%| F|  |TAMS 0x0000000709600000, 0x0000000709600000| Untracked 
|  76|0x0000000709800000, 0x0000000709800000, 0x0000000709a00000|  0%| F|  |TAMS 0x0000000709800000, 0x0000000709800000| Untracked 
|  77|0x0000000709a00000, 0x0000000709a00000, 0x0000000709c00000|  0%| F|  |TAMS 0x0000000709a00000, 0x0000000709a00000| Untracked 
|  78|0x0000000709c00000, 0x0000000709c00000, 0x0000000709e00000|  0%| F|  |TAMS 0x0000000709c00000, 0x0000000709c00000| Untracked 
|  79|0x0000000709e00000, 0x0000000709e00000, 0x000000070a000000|  0%| F|  |TAMS 0x0000000709e00000, 0x0000000709e00000| Untracked 
|  80|0x000000070a000000, 0x000000070a000000, 0x000000070a200000|  0%| F|  |TAMS 0x000000070a000000, 0x000000070a000000| Untracked 
|  81|0x000000070a200000, 0x000000070a200000, 0x000000070a400000|  0%| F|  |TAMS 0x000000070a200000, 0x000000070a200000| Untracked 
|  82|0x000000070a400000, 0x000000070a400000, 0x000000070a600000|  0%| F|  |TAMS 0x000000070a400000, 0x000000070a400000| Untracked 
|  83|0x000000070a600000, 0x000000070a600000, 0x000000070a800000|  0%| F|  |TAMS 0x000000070a600000, 0x000000070a600000| Untracked 
|  84|0x000000070a800000, 0x000000070a800000, 0x000000070aa00000|  0%| F|  |TAMS 0x000000070a800000, 0x000000070a800000| Untracked 
|  85|0x000000070aa00000, 0x000000070aa00000, 0x000000070ac00000|  0%| F|  |TAMS 0x000000070aa00000, 0x000000070aa00000| Untracked 
|  86|0x000000070ac00000, 0x000000070ac00000, 0x000000070ae00000|  0%| F|  |TAMS 0x000000070ac00000, 0x000000070ac00000| Untracked 
|  87|0x000000070ae00000, 0x000000070ae00000, 0x000000070b000000|  0%| F|  |TAMS 0x000000070ae00000, 0x000000070ae00000| Untracked 
|  88|0x000000070b000000, 0x000000070b000000, 0x000000070b200000|  0%| F|  |TAMS 0x000000070b000000, 0x000000070b000000| Untracked 
|  89|0x000000070b200000, 0x000000070b200000, 0x000000070b400000|  0%| F|  |TAMS 0x000000070b200000, 0x000000070b200000| Untracked 
|  90|0x000000070b400000, 0x000000070b400000, 0x000000070b600000|  0%| F|  |TAMS 0x000000070b400000, 0x000000070b400000| Untracked 
|  91|0x000000070b600000, 0x000000070b600000, 0x000000070b800000|  0%| F|  |TAMS 0x000000070b600000, 0x000000070b600000| Untracked 
|  92|0x000000070b800000, 0x000000070b800000, 0x000000070ba00000|  0%| F|  |TAMS 0x000000070b800000, 0x000000070b800000| Untracked 
|  93|0x000000070ba00000, 0x000000070ba00000, 0x000000070bc00000|  0%| F|  |TAMS 0x000000070ba00000, 0x000000070ba00000| Untracked 
|  94|0x000000070bc00000, 0x000000070bc00000, 0x000000070be00000|  0%| F|  |TAMS 0x000000070bc00000, 0x000000070bc00000| Untracked 
|  95|0x000000070be00000, 0x000000070be00000, 0x000000070c000000|  0%| F|  |TAMS 0x000000070be00000, 0x000000070be00000| Untracked 
|  96|0x000000070c000000, 0x000000070c000000, 0x000000070c200000|  0%| F|  |TAMS 0x000000070c000000, 0x000000070c000000| Untracked 
|  97|0x000000070c200000, 0x000000070c200000, 0x000000070c400000|  0%| F|  |TAMS 0x000000070c200000, 0x000000070c200000| Untracked 
|  98|0x000000070c400000, 0x000000070c400000, 0x000000070c600000|  0%| F|  |TAMS 0x000000070c400000, 0x000000070c400000| Untracked 
|  99|0x000000070c600000, 0x000000070c600000, 0x000000070c800000|  0%| F|  |TAMS 0x000000070c600000, 0x000000070c600000| Untracked 
| 100|0x000000070c800000, 0x000000070c800000, 0x000000070ca00000|  0%| F|  |TAMS 0x000000070c800000, 0x000000070c800000| Untracked 
| 101|0x000000070ca00000, 0x000000070ca00000, 0x000000070cc00000|  0%| F|  |TAMS 0x000000070ca00000, 0x000000070ca00000| Untracked 
| 102|0x000000070cc00000, 0x000000070cc00000, 0x000000070ce00000|  0%| F|  |TAMS 0x000000070cc00000, 0x000000070cc00000| Untracked 
| 103|0x000000070ce00000, 0x000000070ce00000, 0x000000070d000000|  0%| F|  |TAMS 0x000000070ce00000, 0x000000070ce00000| Untracked 
| 104|0x000000070d000000, 0x000000070d000000, 0x000000070d200000|  0%| F|  |TAMS 0x000000070d000000, 0x000000070d000000| Untracked 
| 105|0x000000070d200000, 0x000000070d200000, 0x000000070d400000|  0%| F|  |TAMS 0x000000070d200000, 0x000000070d200000| Untracked 
| 106|0x000000070d400000, 0x000000070d400000, 0x000000070d600000|  0%| F|  |TAMS 0x000000070d400000, 0x000000070d400000| Untracked 
| 107|0x000000070d600000, 0x000000070d600000, 0x000000070d800000|  0%| F|  |TAMS 0x000000070d600000, 0x000000070d600000| Untracked 
| 108|0x000000070d800000, 0x000000070d800000, 0x000000070da00000|  0%| F|  |TAMS 0x000000070d800000, 0x000000070d800000| Untracked 
| 109|0x000000070da00000, 0x000000070da00000, 0x000000070dc00000|  0%| F|  |TAMS 0x000000070da00000, 0x000000070da00000| Untracked 
| 110|0x000000070dc00000, 0x000000070dc00000, 0x000000070de00000|  0%| F|  |TAMS 0x000000070dc00000, 0x000000070dc00000| Untracked 
| 111|0x000000070de00000, 0x000000070de00000, 0x000000070e000000|  0%| F|  |TAMS 0x000000070de00000, 0x000000070de00000| Untracked 
| 112|0x000000070e000000, 0x000000070e000000, 0x000000070e200000|  0%| F|  |TAMS 0x000000070e000000, 0x000000070e000000| Untracked 
| 113|0x000000070e200000, 0x000000070e200000, 0x000000070e400000|  0%| F|  |TAMS 0x000000070e200000, 0x000000070e200000| Untracked 
| 114|0x000000070e400000, 0x000000070e400000, 0x000000070e600000|  0%| F|  |TAMS 0x000000070e400000, 0x000000070e400000| Untracked 
| 115|0x000000070e600000, 0x000000070e600000, 0x000000070e800000|  0%| F|  |TAMS 0x000000070e600000, 0x000000070e600000| Untracked 
| 116|0x000000070e800000, 0x000000070e800000, 0x000000070ea00000|  0%| F|  |TAMS 0x000000070e800000, 0x000000070e800000| Untracked 
| 117|0x000000070ea00000, 0x000000070ea00000, 0x000000070ec00000|  0%| F|  |TAMS 0x000000070ea00000, 0x000000070ea00000| Untracked 
| 118|0x000000070ec00000, 0x000000070ec00000, 0x000000070ee00000|  0%| F|  |TAMS 0x000000070ec00000, 0x000000070ec00000| Untracked 
| 119|0x000000070ee00000, 0x000000070ee00000, 0x000000070f000000|  0%| F|  |TAMS 0x000000070ee00000, 0x000000070ee00000| Untracked 
| 120|0x000000070f000000, 0x000000070f000000, 0x000000070f200000|  0%| F|  |TAMS 0x000000070f000000, 0x000000070f000000| Untracked 
| 121|0x000000070f200000, 0x000000070f200000, 0x000000070f400000|  0%| F|  |TAMS 0x000000070f200000, 0x000000070f200000| Untracked 
| 122|0x000000070f400000, 0x000000070f400000, 0x000000070f600000|  0%| F|  |TAMS 0x000000070f400000, 0x000000070f400000| Untracked 
| 123|0x000000070f600000, 0x000000070f600000, 0x000000070f800000|  0%| F|  |TAMS 0x000000070f600000, 0x000000070f600000| Untracked 
| 124|0x000000070f800000, 0x000000070f800000, 0x000000070fa00000|  0%| F|  |TAMS 0x000000070f800000, 0x000000070f800000| Untracked 
| 125|0x000000070fa00000, 0x000000070faff868, 0x000000070fc00000| 49%| E|  |TAMS 0x000000070fa00000, 0x000000070fa00000| Complete 
| 126|0x000000070fc00000, 0x000000070fe00000, 0x000000070fe00000|100%| E|CS|TAMS 0x000000070fc00000, 0x000000070fc00000| Complete 
| 127|0x000000070fe00000, 0x0000000710000000, 0x0000000710000000|100%| E|CS|TAMS 0x000000070fe00000, 0x000000070fe00000| Complete 

Card table byte_map: [0x00000001057d3000,0x0000000105fd3000] _byte_map_base: 0x0000000101fd3000

Marking Bits (Prev, Next): (CMBitMap*) 0x00007fef1c808810, (CMBitMap*) 0x00007fef1c808850
 Prev Bits: [0x00000001192d4000, 0x000000011d2d4000)
 Next Bits: [0x000000011d2d4000, 0x00000001212d4000)

Polling page: 0x0000000101ce1000

Metaspace:

Usage:
  Non-class:      8.35 MB capacity,     8.24 MB ( 99%) used,   108.65 KB (  1%) free+waste,     5.44 KB ( <1%) overhead. 
      Class:    821.00 KB capacity,   795.18 KB ( 97%) used,    24.13 KB (  3%) free+waste,     1.69 KB ( <1%) overhead. 
       Both:      9.15 MB capacity,     9.02 MB ( 99%) used,   132.78 KB (  1%) free+waste,     7.12 KB ( <1%) overhead. 

Virtual space:
  Non-class space:       10.00 MB reserved,       8.50 MB ( 85%) committed 
      Class space:        1.00 GB reserved,     896.00 KB ( <1%) committed 
             Both:        1.01 GB reserved,       9.38 MB ( <1%) committed 

Chunk freelists:
   Non-Class:  71.00 KB
       Class:  11.00 KB
        Both:  82.00 KB

MaxMetaspaceSize: 17179869184.00 GB
CompressedClassSpaceSize: 1.00 GB

CodeHeap 'non-profiled nmethods': size=120032Kb used=124Kb max_used=124Kb free=119907Kb
 bounds [0x000000011159c000, 0x000000011180c000, 0x0000000118ad4000]
CodeHeap 'profiled nmethods': size=120028Kb used=533Kb max_used=533Kb free=119495Kb
 bounds [0x000000010a065000, 0x000000010a2d5000, 0x000000011159c000]
CodeHeap 'non-nmethods': size=5700Kb used=1198Kb max_used=1215Kb free=4501Kb
 bounds [0x0000000109ad4000, 0x0000000109d44000, 0x000000010a065000]
 total_blobs=792 nmethods=412 adapters=294
 compilation: enabled
              stopped_count=0, restarted_count=0
 full_count=0

Compilation events (20 events):
Event: 827.623 Thread 0x00007fef1d0e9a00  404       3       org.eclipse.jdt.launching.internal.org.objectweb.asm.SymbolTable::add (39 bytes)
Event: 827.623 Thread 0x00007fef1d0e9a00 nmethod 404 0x000000010a0e7890 code [0x000000010a0e7a40, 0x000000010a0e7d90]
Event: 827.623 Thread 0x00007fef1d0e9a00  405       3       org.eclipse.jdt.launching.internal.org.objectweb.asm.SymbolTable::addConstantUtf8 (20 bytes)
Event: 827.623 Thread 0x00007fef1d0e9a00 nmethod 405 0x000000010a0e7f10 code [0x000000010a0e80e0, 0x000000010a0e8380]
Event: 827.623 Thread 0x00007fef1d0e9a00  406       1       org.eclipse.jdt.launching.internal.org.objectweb.asm.SymbolTable::getMajorVersion (5 bytes)
Event: 827.623 Thread 0x00007fef1d0e9a00 nmethod 406 0x00000001115bad90 code [0x00000001115baf20, 0x00000001115bafd0]
Event: 837.647 Thread 0x00007fef1d0e9a00  407       3       java.lang.String::<init> (14 bytes)
Event: 837.647 Thread 0x00007fef1d0e9a00 nmethod 407 0x000000010a0e8510 code [0x000000010a0e86c0, 0x000000010a0e88b0]
Event: 837.647 Thread 0x00007fef1d0e9a00  409       3       org.eclipse.jdt.launching.internal.org.objectweb.asm.ClassReader::readUtf (161 bytes)
Event: 837.650 Thread 0x00007fef1d0e9a00 

Event: 837.650 Thread 0x00007fef1d0e9a00  410       3       org.eclipse.jdt.launching.internal.org.objectweb.asm.Symbol::<init> (38 bytes)
Event: 837.650 Thread 0x00007fef1d0e9a00 nmethod 410 0x000000010a0e8a10 code [0x000000010a0e8ba0, 0x000000010a0e8e30]
Event: 837.650 Thread 0x00007fef1d0e9a00  408       3       java.lang.String::rangeCheck (9 bytes)
Event: 837.650 Thread 0x00007fef1d0e9a00 nmethod 408 0x000000010a0e8f10 code [0x000000010a0e90a0, 0x000000010a0e91c0]
Event: 849.306 Thread 0x00007fef1d0e9a00  411       3       org.eclipse.jdt.launching.internal.org.objectweb.asm.ClassReader::readUtf (161 bytes)
Event: 849.307 Thread 0x00007fef1d0e9a00 nmethod 411 0x000000010a0e9290 code [0x000000010a0e9460, 0x000000010a0e9900]
Event: 849.307 Thread 0x00007fef1d0e9a00  412       3       org.eclipse.jdt.launching.internal.org.objectweb.asm.SymbolTable::hash (10 bytes)
Event: 849.307 Thread 0x00007fef1d0e9a00 nmethod 412 0x000000010a0e9c10 code [0x000000010a0e9da0, 0x000000010a0e9ec0]
Event: 849.307 Thread 0x00007fef1d0e9a00  413       3       java.lang.StringUTF16::compress (20 bytes)
Event: 849.307 Thread 0x00007fef1d0e9a00 nmethod 413 0x000000010a0e9f90 code [0x000000010a0ea140, 0x000000010a0ea360]

GC Heap History (0 events):
No events

Deoptimization events (20 events):
Event: 1.052 Thread 0x00007fef1d008c00 DEOPT PACKING pc=0x000000010a0d30eb sp=0x000070000b2673a0
Event: 1.052 Thread 0x00007fef1d008c00 DEOPT UNPACKING pc=0x0000000109b21f2b sp=0x000070000b266888 mode 0
Event: 1.053 Thread 0x00007fef1d008c00 DEOPT PACKING pc=0x000000010a0d30eb sp=0x000070000b2673a0
Event: 1.053 Thread 0x00007fef1d008c00 DEOPT UNPACKING pc=0x0000000109b21f2b sp=0x000070000b266888 mode 0
Event: 1.054 Thread 0x00007fef1d008c00 DEOPT PACKING pc=0x000000010a0d30eb sp=0x000070000b2673a0
Event: 1.054 Thread 0x00007fef1d008c00 DEOPT UNPACKING pc=0x0000000109b21f2b sp=0x000070000b266888 mode 0
Event: 1.055 Thread 0x00007fef1d008c00 DEOPT PACKING pc=0x000000010a0d30eb sp=0x000070000b2673a0
Event: 1.055 Thread 0x00007fef1d008c00 DEOPT UNPACKING pc=0x0000000109b21f2b sp=0x000070000b266888 mode 0
Event: 1.057 Thread 0x00007fef1d008c00 DEOPT PACKING pc=0x000000010a0d30eb sp=0x000070000b2673a0
Event: 1.057 Thread 0x00007fef1d008c00 DEOPT UNPACKING pc=0x0000000109b21f2b sp=0x000070000b266888 mode 0
Event: 1.058 Thread 0x00007fef1d008c00 DEOPT PACKING pc=0x000000010a0d30eb sp=0x000070000b2673a0
Event: 1.058 Thread 0x00007fef1d008c00 DEOPT UNPACKING pc=0x0000000109b21f2b sp=0x000070000b266888 mode 0
Event: 1.071 Thread 0x00007fef1d008c00 DEOPT PACKING pc=0x000000010a0d30eb sp=0x000070000b2689d0
Event: 1.071 Thread 0x00007fef1d008c00 DEOPT UNPACKING pc=0x0000000109b21f2b sp=0x000070000b267eb8 mode 0
Event: 1.071 Thread 0x00007fef1d008c00 DEOPT PACKING pc=0x000000010a0d30eb sp=0x000070000b2689d0
Event: 1.071 Thread 0x00007fef1d008c00 DEOPT UNPACKING pc=0x0000000109b21f2b sp=0x000070000b267eb8 mode 0
Event: 1.071 Thread 0x00007fef1d008c00 DEOPT PACKING pc=0x000000010a0d30eb sp=0x000070000b2689d0
Event: 1.072 Thread 0x00007fef1d008c00 DEOPT UNPACKING pc=0x0000000109b21f2b sp=0x000070000b267eb8 mode 0
Event: 1.089 Thread 0x00007fef1d008c00 DEOPT PACKING pc=0x000000010a0d30eb sp=0x000070000b267320
Event: 1.089 Thread 0x00007fef1d008c00 DEOPT UNPACKING pc=0x0000000109b21f2b sp=0x000070000b266808 mode 0

Classes unloaded (0 events):
No events

Classes redefined (4 events):
Event: 827.624 Thread 0x00007fef1c4192c0 redefined class name=de.bfw.klassenundobjekte.OOP_KlassenUndObjekte, count=1
Event: 837.648 Thread 0x00007fef1c4192c0 redefined class name=de.bfw.klassenundobjekte.OOP_KlassenUndObjekte, count=2
Event: 849.308 Thread 0x00007fef1c4192c0 redefined class name=de.bfw.klassenundobjekte.OOP_KlassenUndObjekte, count=3
Event: 1563.635 Thread 0x00007fef1c4192c0 redefined class name=de.bfw.klassenundobjekte.OOP_KlassenUndObjekte, count=4

Internal exceptions (3 events):
Event: 0.712 Thread 0x00007fef1d008c00 Exception <a 'java/lang/NoSuchMethodError'{0x000000070fc07bd0}: 'void java.lang.invoke.DirectMethodHandle$Holder.invokeStatic(java.lang.Object, java.lang.Object)'> (0x000000070fc07bd0) 
thrown [./open/src/hotspot/share/interpreter/linkResolver.cpp, line 782]
Event: 0.720 Thread 0x00007fef1d008c00 Exception <a 'java/lang/NoSuchMethodError'{0x000000070fc0b878}: 'void java.lang.invoke.DirectMethodHandle$Holder.invokeStaticInit(java.lang.Object, java.lang.Object)'> (0x000000070fc0b878) 
thrown [./open/src/hotspot/share/interpreter/linkResolver.cpp, line 782]
Event: 0.992 Thread 0x00007fef1d008c00 Exception <a 'java/lang/NoSuchMethodError'{0x000000070fdf01e0}: 'java.lang.Object java.lang.invoke.DirectMethodHandle$Holder.invokeStatic(java.lang.Object)'> (0x000000070fdf01e0) 
thrown [./open/src/hotspot/share/interpreter/linkResolver.cpp, line 782]

Events (20 events):
Event: 1474.258 Executing VM operation: ChangeBreakpoints
Event: 1474.258 Executing VM operation: ChangeBreakpoints done
Event: 1495.396 Executing VM operation: ChangeBreakpoints
Event: 1495.396 Executing VM operation: ChangeBreakpoints done
Event: 1563.635 Executing VM operation: RedefineClasses
Event: 1563.637 Executing VM operation: RedefineClasses done
Event: 1563.660 Executing VM operation: ChangeBreakpoints
Event: 1563.660 Executing VM operation: ChangeBreakpoints done
Event: 1563.671 Executing VM operation: ChangeBreakpoints
Event: 1563.671 Executing VM operation: ChangeBreakpoints done
Event: 1563.676 Executing VM operation: ChangeBreakpoints
Event: 1563.677 Executing VM operation: ChangeBreakpoints done
Event: 1563.682 Executing VM operation: ChangeBreakpoints
Event: 1563.683 Executing VM operation: ChangeBreakpoints done
Event: 1563.684 Executing VM operation: GetFrameCount
Event: 1563.684 Executing VM operation: GetFrameCount done
Event: 1563.684 Executing VM operation: GetStackTrace
Event: 1563.684 Executing VM operation: GetStackTrace done
Event: 1565.307 Executing VM operation: GetFrameCount
Event: 1565.308 Executing VM operation: GetFrameCount done


Dynamic libraries:
0x00007fff2a5d0000 	/usr/lib/libz.1.dylib
0x0000000101caf000 	/Applications/Eclipse.app/Contents/Eclipse/plugins/org.eclipse.justj.openjdk.hotspot.jre.full.macosx.x86_64_15.0.2.v20210201-0955/jre/lib/libjli.dylib
0x00007fff35009000 	/System/Library/Frameworks/Cocoa.framework/Versions/A/Cocoa
0x00007fff2234f000 	/System/Library/Frameworks/Security.framework/Versions/A/Security
0x00007fff33211000 	/System/Library/Frameworks/ApplicationServices.framework/Versions/A/ApplicationServices
0x00007fff2a698000 	/usr/lib/libSystem.B.dylib
0x00007fff2a692000 	/usr/lib/system/libcache.dylib
0x00007fff2a64e000 	/usr/lib/system/libcommonCrypto.dylib
0x00007fff2a678000 	/usr/lib/system/libcompiler_rt.dylib
0x00007fff2a66d000 	/usr/lib/system/libcopyfile.dylib
0x00007fff20248000 	/usr/lib/system/libcorecrypto.dylib
0x00007fff20313000 	/usr/lib/system/libdispatch.dylib
0x00007fff204c6000 	/usr/lib/system/libdyld.dylib
0x00007fff2a689000 	/usr/lib/system/libkeymgr.dylib
0x00007fff2daa1000 	/usr/lib/system/liblaunch.dylib
0x00007fff2a62c000 	/usr/lib/system/libmacho.dylib
0x00007fff29e24000 	/usr/lib/system/libquarantine.dylib
0x00007fff2a686000 	/usr/lib/system/libremovefile.dylib
0x00007fff24d2a000 	/usr/lib/system/libsystem_asl.dylib
0x00007fff201f8000 	/usr/lib/system/libsystem_blocks.dylib
0x00007fff20395000 	/usr/lib/system/libsystem_c.dylib
0x00007fff2a680000 	/usr/lib/system/libsystem_collections.dylib
0x00007fff2912a000 	/usr/lib/system/libsystem_configuration.dylib
0x00007fff28416000 	/usr/lib/system/libsystem_containermanager.dylib
0x00007fff2a3cf000 	/usr/lib/system/libsystem_coreservices.dylib
0x00007fff22907000 	/usr/lib/system/libsystem_darwin.dylib
0x00007fff2a68a000 	/usr/lib/system/libsystem_dnssd.dylib
0x00007fff20392000 	/usr/lib/system/libsystem_featureflags.dylib
0x00007fff2050c000 	/usr/lib/system/libsystem_info.dylib
0x00007fff2a5e3000 	/usr/lib/system/libsystem_m.dylib
0x00007fff202e6000 	/usr/lib/system/libsystem_malloc.dylib
0x00007fff24cbd000 	/usr/lib/system/libsystem_networkextension.dylib
0x00007fff22d26000 	/usr/lib/system/libsystem_notify.dylib
0x00007fff2ff38000 	/usr/lib/system/libsystem_product_info_filter.dylib
0x00007fff2912e000 	/usr/lib/system/libsystem_sandbox.dylib
0x00007fff2a683000 	/usr/lib/system/libsystem_secinit.dylib
0x00007fff2048a000 	/usr/lib/system/libsystem_kernel.dylib
0x00007fff20502000 	/usr/lib/system/libsystem_platform.dylib
0x00007fff204ba000 	/usr/lib/system/libsystem_pthread.dylib
0x00007fff26407000 	/usr/lib/system/libsystem_symptoms.dylib
0x00007fff20230000 	/usr/lib/system/libsystem_trace.dylib
0x00007fff2a65a000 	/usr/lib/system/libunwind.dylib
0x00007fff201fa000 	/usr/lib/system/libxpc.dylib
0x00007fff20474000 	/usr/lib/libc++abi.dylib
0x00007fff20358000 	/usr/lib/libobjc.A.dylib
0x00007fff2a665000 	/usr/lib/liboah.dylib
0x00007fff2041e000 	/usr/lib/libc++.1.dylib
0x00007fff20538000 	/System/Library/Frameworks/CoreFoundation.framework/Versions/A/CoreFoundation
0x00007fff212e7000 	/System/Library/Frameworks/Foundation.framework/Versions/C/Foundation
0x00007fff22d80000 	/System/Library/Frameworks/AppKit.framework/Versions/C/AppKit
0x00007fff25c43000 	/System/Library/Frameworks/CoreData.framework/Versions/A/CoreData
0x00007fff23acb000 	/System/Library/PrivateFrameworks/UIFoundation.framework/Versions/A/UIFoundation
0x00007fff2fccb000 	/System/Library/PrivateFrameworks/RemoteViewServices.framework/Versions/A/RemoteViewServices
0x00007fff28adc000 	/System/Library/PrivateFrameworks/XCTTargetBootstrap.framework/Versions/A/XCTTargetBootstrap
0x00007fff2b7c1000 	/usr/lib/libspindump.dylib
0x00007fff23d1a000 	/System/Library/Frameworks/UniformTypeIdentifiers.framework/Versions/A/UniformTypeIdentifiers
0x00007fff272e0000 	/usr/lib/libapp_launch_measurement.dylib
0x00007fff272e3000 	/System/Library/PrivateFrameworks/CoreAutoLayout.framework/Versions/A/CoreAutoLayout
0x00007fff28443000 	/System/Library/Frameworks/Metal.framework/Versions/A/Metal
0x00007fff29139000 	/usr/lib/liblangid.dylib
0x00007fff28ae0000 	/System/Library/PrivateFrameworks/CoreSVG.framework/Versions/A/CoreSVG
0x00007fff24d5a000 	/System/Library/PrivateFrameworks/SkyLight.framework/Versions/A/SkyLight
0x00007fff250c0000 	/System/Library/Frameworks/CoreGraphics.framework/Versions/A/CoreGraphics
0x00007fff301f2000 	/System/Library/Frameworks/Accelerate.framework/Versions/A/Accelerate
0x00007fff2b1ff000 	/System/Library/PrivateFrameworks/IconServices.framework/Versions/A/IconServices
0x00007fff28427000 	/System/Library/Frameworks/IOSurface.framework/Versions/A/IOSurface
0x00007fff265cb000 	/usr/lib/libDiagnosticMessagesClient.dylib
0x00007fff28ac8000 	/System/Library/PrivateFrameworks/DFRFoundation.framework/Versions/A/DFRFoundation
0x00007fff226a7000 	/usr/lib/libicucore.A.dylib
0x00007fff2cd0a000 	/System/Library/Frameworks/AudioToolbox.framework/Versions/A/AudioToolbox
0x00007fff2bf92000 	/System/Library/PrivateFrameworks/DataDetectorsCore.framework/Versions/A/DataDetectorsCore
0x00007fff24ccd000 	/usr/lib/libMobileGestalt.dylib
0x00007fff287cc000 	/System/Library/Frameworks/Carbon.framework/Versions/A/Frameworks/HIToolbox.framework/Versions/A/HIToolbox
0x00007fff26d25000 	/System/Library/Frameworks/QuartzCore.framework/Versions/A/QuartzCore
0x00007fff2fd03000 	/System/Library/Frameworks/Carbon.framework/Versions/A/Frameworks/SpeechRecognition.framework/Versions/A/SpeechRecognition
0x00007fff27045000 	/System/Library/PrivateFrameworks/CoreUI.framework/Versions/A/CoreUI
0x00007fff21cbd000 	/System/Library/Frameworks/CoreAudio.framework/Versions/A/CoreAudio
0x00007fff266b6000 	/System/Library/Frameworks/DiskArbitration.framework/Versions/A/DiskArbitration
0x00007fff2bb8f000 	/System/Library/PrivateFrameworks/MultitouchSupport.framework/Versions/A/MultitouchSupport
0x00007fff2bf89000 	/System/Library/PrivateFrameworks/InternationalSupport.framework/Versions/A/InternationalSupport
0x00007fff24ccc000 	/usr/lib/libenergytrace.dylib
0x00007fff22c77000 	/System/Library/Frameworks/IOKit.framework/Versions/A/IOKit
0x00007fff30036000 	/System/Library/Frameworks/CoreServices.framework/Versions/A/CoreServices
0x00007fff27272000 	/System/Library/PrivateFrameworks/PerformanceAnalysis.framework/Versions/A/PerformanceAnalysis
0x00007fff6bba1000 	/System/Library/Frameworks/OpenGL.framework/Versions/A/OpenGL
0x00007fff2c00d000 	/System/Library/PrivateFrameworks/UserActivity.framework/Versions/A/UserActivity
0x00007fff2574a000 	/System/Library/Frameworks/ColorSync.framework/Versions/A/ColorSync
0x00007fff28d47000 	/System/Library/Frameworks/CoreImage.framework/Versions/A/CoreImage
0x00007fff21ad7000 	/System/Library/Frameworks/CoreText.framework/Versions/A/CoreText
0x00007fff28b0a000 	/System/Library/Frameworks/ImageIO.framework/Versions/A/ImageIO
0x00007fff2a69e000 	/System/Library/PrivateFrameworks/SoftLinking.framework/Versions/A/SoftLinking
0x00007fff2732b000 	/usr/lib/libxml2.2.dylib
0x00007fff2a90f000 	/usr/lib/libcompression.dylib
0x00007fff2bebb000 	/System/Library/PrivateFrameworks/TextureIO.framework/Versions/A/TextureIO
0x00007fff2af3e000 	/usr/lib/libate.dylib
0x00007fff2ad23000 	/usr/lib/liblzma.5.dylib
0x00007fff20ffb000 	/System/Library/Frameworks/SystemConfiguration.framework/Versions/A/SystemConfiguration
0x00007fff2a69a000 	/usr/lib/libfakelink.dylib
0x00007fff2481e000 	/System/Library/Frameworks/CFNetwork.framework/Versions/A/CFNetwork
0x00007fff2a7da000 	/usr/lib/libarchive.2.dylib
0x00007fff21079000 	/usr/lib/libCRFSuite.dylib
0x00007fff29e4b000 	/usr/lib/libbsm.0.dylib
0x00007fff24197000 	/usr/lib/libnetwork.dylib
0x00007fff2a69f000 	/usr/lib/libpcap.A.dylib
0x00007fff26400000 	/usr/lib/libdns_services.dylib
0x00007fff2ad3c000 	/usr/lib/libcoretls_cfhelpers.dylib
0x00007fff2a8d9000 	/usr/lib/libapple_nghttp2.dylib
0x00007fff2a632000 	/usr/lib/system/libkxld.dylib
0x00007fff26079000 	/usr/lib/libsqlite3.dylib
0x00007fff2a3b2000 	/System/Library/PrivateFrameworks/AppleFSCompression.framework/Versions/A/AppleFSCompression
0x00007fff29e33000 	/usr/lib/libcoretls.dylib
0x00007fff2a90a000 	/usr/lib/libpam.2.dylib
0x00007fff2ae3a000 	/usr/lib/libxar.1.dylib
0x00007fff29135000 	/System/Library/PrivateFrameworks/AppleSystemInfo.framework/Versions/A/AppleSystemInfo
0x00007fff29a75000 	/System/Library/PrivateFrameworks/IOMobileFramebuffer.framework/Versions/A/IOMobileFramebuffer
0x00007fff2a3c2000 	/usr/lib/libbz2.1.0.dylib
0x00007fff2a6d7000 	/usr/lib/libiconv.2.dylib
0x00007fff2a62b000 	/usr/lib/libcharset.1.dylib
0x00007fff272ae000 	/System/Library/Frameworks/CoreServices.framework/Versions/A/Frameworks/FSEvents.framework/Versions/A/FSEvents
0x00007fff22911000 	/System/Library/Frameworks/CoreServices.framework/Versions/A/Frameworks/CarbonCore.framework/Versions/A/CarbonCore
0x00007fff2661b000 	/System/Library/Frameworks/CoreServices.framework/Versions/A/Frameworks/Metadata.framework/Versions/A/Metadata
0x00007fff2a3d4000 	/System/Library/Frameworks/CoreServices.framework/Versions/A/Frameworks/OSServices.framework/Versions/A/OSServices
0x00007fff2a84c000 	/System/Library/Frameworks/CoreServices.framework/Versions/A/Frameworks/SearchKit.framework/Versions/A/SearchKit
0x00007fff2638b000 	/System/Library/Frameworks/CoreServices.framework/Versions/A/Frameworks/AE.framework/Versions/A/AE
0x00007fff209d6000 	/System/Library/Frameworks/CoreServices.framework/Versions/A/Frameworks/LaunchServices.framework/Versions/A/LaunchServices
0x00007fff2acd3000 	/System/Library/Frameworks/CoreServices.framework/Versions/A/Frameworks/DictionaryServices.framework/Versions/A/DictionaryServices
0x00007fff272bb000 	/System/Library/Frameworks/CoreServices.framework/Versions/A/Frameworks/SharedFileList.framework/Versions/A/SharedFileList
0x00007fff29e27000 	/usr/lib/libCheckFix.dylib
0x00007fff24d41000 	/System/Library/PrivateFrameworks/TCC.framework/Versions/A/TCC
0x00007fff2913b000 	/System/Library/PrivateFrameworks/CoreNLP.framework/Versions/A/CoreNLP
0x00007fff265ce000 	/System/Library/PrivateFrameworks/MetadataUtilities.framework/Versions/A/MetadataUtilities
0x00007fff210ae000 	/usr/lib/libmecabra.dylib
0x00007fff2a131000 	/System/Library/Frameworks/MLCompute.framework/Versions/A/MLCompute
0x00007fff29e5c000 	/usr/lib/libmecab.dylib
0x00007fff29ea6000 	/usr/lib/libgermantok.dylib
0x00007fff2a8b4000 	/usr/lib/libThaiTokenizer.dylib
0x00007fff2ae75000 	/usr/lib/libChineseTokenizer.dylib
0x00007fff2a908000 	/System/Library/Frameworks/MetalPerformanceShaders.framework/Versions/A/MetalPerformanceShaders
0x00007fff266bd000 	/System/Library/Frameworks/Accelerate.framework/Versions/A/Frameworks/vImage.framework/Versions/A/vImage
0x00007fff30010000 	/System/Library/Frameworks/Accelerate.framework/Versions/A/Frameworks/vecLib.framework/Versions/A/vecLib
0x00007fff2ae80000 	/System/Library/Frameworks/Accelerate.framework/Versions/A/Frameworks/vecLib.framework/Versions/A/libvMisc.dylib
0x00007fff29890000 	/System/Library/Frameworks/Accelerate.framework/Versions/A/Frameworks/vecLib.framework/Versions/A/libvDSP.dylib
0x00007fff20ce1000 	/System/Library/Frameworks/Accelerate.framework/Versions/A/Frameworks/vecLib.framework/Versions/A/libBLAS.dylib
0x00007fff2a935000 	/System/Library/Frameworks/Accelerate.framework/Versions/A/Frameworks/vecLib.framework/Versions/A/libLAPACK.dylib
0x00007fff29eac000 	/System/Library/Frameworks/Accelerate.framework/Versions/A/Frameworks/vecLib.framework/Versions/A/libLinearAlgebra.dylib
0x00007fff2a8f1000 	/System/Library/Frameworks/Accelerate.framework/Versions/A/Frameworks/vecLib.framework/Versions/A/libSparseBLAS.dylib
0x00007fff2a92f000 	/System/Library/Frameworks/Accelerate.framework/Versions/A/Frameworks/vecLib.framework/Versions/A/libQuadrature.dylib
0x00007fff291e7000 	/System/Library/Frameworks/Accelerate.framework/Versions/A/Frameworks/vecLib.framework/Versions/A/libBNNS.dylib
0x00007fff20f8c000 	/System/Library/Frameworks/Accelerate.framework/Versions/A/Frameworks/vecLib.framework/Versions/A/libSparse.dylib
0x00007fff290c3000 	/System/Library/Frameworks/MetalPerformanceShaders.framework/Versions/A/Frameworks/MPSCore.framework/Versions/A/MPSCore
0x00007fff2a321000 	/System/Library/Frameworks/MetalPerformanceShaders.framework/Versions/A/Frameworks/MPSImage.framework/Versions/A/MPSImage
0x00007fff29ec2000 	/System/Library/Frameworks/MetalPerformanceShaders.framework/Versions/A/Frameworks/MPSNeuralNetwork.framework/Versions/A/MPSNeuralNetwork
0x00007fff2a293000 	/System/Library/Frameworks/MetalPerformanceShaders.framework/Versions/A/Frameworks/MPSMatrix.framework/Versions/A/MPSMatrix
0x00007fff2a0e1000 	/System/Library/Frameworks/MetalPerformanceShaders.framework/Versions/A/Frameworks/MPSRayIntersector.framework/Versions/A/MPSRayIntersector
0x00007fff2a2ca000 	/System/Library/Frameworks/MetalPerformanceShaders.framework/Versions/A/Frameworks/MPSNDArray.framework/Versions/A/MPSNDArray
0x00007fff20c0c000 	/System/Library/PrivateFrameworks/MetalTools.framework/Versions/A/MetalTools
0x00007fff29133000 	/System/Library/PrivateFrameworks/AggregateDictionary.framework/Versions/A/AggregateDictionary
0x00007fff2659b000 	/System/Library/PrivateFrameworks/CoreAnalytics.framework/Versions/A/CoreAnalytics
0x00007fff2a8b6000 	/System/Library/PrivateFrameworks/AppleSauce.framework/Versions/A/AppleSauce
0x00007fff28439000 	/System/Library/PrivateFrameworks/IOAccelerator.framework/Versions/A/IOAccelerator
0x00007fff6bb95000 	/System/Library/Frameworks/OpenGL.framework/Versions/A/Libraries/libCoreFSCache.dylib
0x00007fff21646000 	/System/Library/PrivateFrameworks/LanguageModeling.framework/Versions/A/LanguageModeling
0x00007fff29a63000 	/System/Library/PrivateFrameworks/CoreEmoji.framework/Versions/A/CoreEmoji
0x00007fff291e0000 	/System/Library/PrivateFrameworks/LinguisticData.framework/Versions/A/LinguisticData
0x00007fff20f3e000 	/System/Library/PrivateFrameworks/Lexicon.framework/Versions/A/Lexicon
0x00007fff2a7c8000 	/usr/lib/libcmph.dylib
0x00007fff2728e000 	/System/Library/Frameworks/OpenDirectory.framework/Versions/A/Frameworks/CFOpenDirectory.framework/Versions/A/CFOpenDirectory
0x00007fff2727e000 	/System/Library/Frameworks/OpenDirectory.framework/Versions/A/OpenDirectory
0x00007fff2ad3e000 	/System/Library/PrivateFrameworks/APFS.framework/Versions/A/APFS
0x00007fff29d89000 	/System/Library/Frameworks/SecurityFoundation.framework/Versions/A/SecurityFoundation
0x00007fff2ae48000 	/usr/lib/libutil.dylib
0x00007fff22c3c000 	/System/Library/PrivateFrameworks/CoreServicesStore.framework/Versions/A/CoreServicesStore
0x00007fff29e1f000 	/System/Library/Frameworks/ServiceManagement.framework/Versions/A/ServiceManagement
0x00007fff2ae4c000 	/usr/lib/libxslt.1.dylib
0x00007fff29e15000 	/System/Library/PrivateFrameworks/BackgroundTaskManagement.framework/Versions/A/BackgroundTaskManagement
0x00007fff2be05000 	/System/Library/Frameworks/ImageIO.framework/Versions/A/Resources/libRadiance.dylib
0x00007fff2be0f000 	/System/Library/Frameworks/ImageIO.framework/Versions/A/Resources/libJPEG.dylib
0x00007fff2bd59000 	/System/Library/Frameworks/ImageIO.framework/Versions/A/Resources/libPng.dylib
0x00007fff2bd80000 	/System/Library/Frameworks/ImageIO.framework/Versions/A/Resources/libTIFF.dylib
0x00007fff2be64000 	/System/Library/Frameworks/ImageIO.framework/Versions/A/Resources/libGIF.dylib
0x00007fff2baab000 	/System/Library/Frameworks/ImageIO.framework/Versions/A/Resources/libJP2.dylib
0x00007fff2b1c7000 	/usr/lib/libexpat.1.dylib
0x00007fff2ba61000 	/System/Library/PrivateFrameworks/AppleJPEG.framework/Versions/A/AppleJPEG
0x00007fff2866f000 	/System/Library/PrivateFrameworks/FontServices.framework/libFontParser.dylib
0x00007fff26342000 	/System/Library/PrivateFrameworks/RunningBoardServices.framework/Versions/A/RunningBoardServices
0x00007fff2bb8b000 	/System/Library/PrivateFrameworks/WatchdogClient.framework/Versions/A/WatchdogClient
0x00007fff2172f000 	/System/Library/Frameworks/CoreDisplay.framework/Versions/A/CoreDisplay
0x00007fff28584000 	/System/Library/Frameworks/CoreMedia.framework/Versions/A/CoreMedia
0x00007fff2740e000 	/System/Library/Frameworks/CoreVideo.framework/Versions/A/CoreVideo
0x00007fff2bbc6000 	/System/Library/Frameworks/VideoToolbox.framework/Versions/A/VideoToolbox
0x00007fff262c2000 	/System/Library/PrivateFrameworks/BaseBoard.framework/Versions/A/BaseBoard
0x00007fff2b30b000 	/System/Library/PrivateFrameworks/PersistentConnection.framework/Versions/A/PersistentConnection
0x00007fff26063000 	/System/Library/PrivateFrameworks/ProtocolBuffer.framework/Versions/A/ProtocolBuffer
0x00007fff262aa000 	/System/Library/PrivateFrameworks/CommonUtilities.framework/Versions/A/CommonUtilities
0x00007fff2ba24000 	/System/Library/PrivateFrameworks/Bom.framework/Versions/A/Bom
0x00007fff2bdfd000 	/System/Library/PrivateFrameworks/GPUWrangler.framework/Versions/A/GPUWrangler
0x00007fff2bde0000 	/System/Library/PrivateFrameworks/IOPresentment.framework/Versions/A/IOPresentment
0x00007fff2be09000 	/System/Library/PrivateFrameworks/DSExternalDisplay.framework/Versions/A/DSExternalDisplay
0x00007fff2be69000 	/System/Library/PrivateFrameworks/CMCaptureCore.framework/Versions/A/CMCaptureCore
0x00007fff2b7a7000 	/System/Library/PrivateFrameworks/AppServerSupport.framework/Versions/A/AppServerSupport
0x00007fff2d844000 	/System/Library/PrivateFrameworks/perfdata.framework/Versions/A/perfdata
0x00007fff29d78000 	/System/Library/PrivateFrameworks/AssertionServices.framework/Versions/A/AssertionServices
0x00007fff21866000 	/System/Library/PrivateFrameworks/AudioToolboxCore.framework/Versions/A/AudioToolboxCore
0x00007fff28567000 	/System/Library/PrivateFrameworks/caulk.framework/Versions/A/caulk
0x00007fff3ccf0000 	/System/Library/PrivateFrameworks/SystemPolicy.framework/Versions/A/SystemPolicy
0x00007fff2afd6000 	/usr/lib/libIOReport.dylib
0x00007fff2d080000 	/usr/lib/libSMC.dylib
0x00007fff2bd25000 	/usr/lib/libAudioToolboxUtility.dylib
0x00007fff3d64d000 	/usr/lib/libmis.dylib
0x00007fff6bbf1000 	/System/Library/Frameworks/OpenGL.framework/Versions/A/Libraries/libGLU.dylib
0x00007fff6bbb4000 	/System/Library/Frameworks/OpenGL.framework/Versions/A/Libraries/libGFXShared.dylib
0x00007fff6bdc2000 	/System/Library/Frameworks/OpenGL.framework/Versions/A/Libraries/libGL.dylib
0x00007fff6bbbd000 	/System/Library/Frameworks/OpenGL.framework/Versions/A/Libraries/libGLImage.dylib
0x00007fff6bbb1000 	/System/Library/Frameworks/OpenGL.framework/Versions/A/Libraries/libCVMSPluginSupport.dylib
0x00007fff6bb9c000 	/System/Library/Frameworks/OpenGL.framework/Versions/A/Libraries/libCoreVMClient.dylib
0x00007fff6d20c000 	/System/Library/Frameworks/OpenCL.framework/Versions/A/OpenCL
0x00007fff2b334000 	/System/Library/PrivateFrameworks/GraphVisualizer.framework/Versions/A/GraphVisualizer
0x00007fff2b343000 	/System/Library/PrivateFrameworks/FaceCore.framework/Versions/A/FaceCore
0x00007fff2b75f000 	/System/Library/PrivateFrameworks/OTSVG.framework/Versions/A/OTSVG
0x00007fff27003000 	/System/Library/Frameworks/ApplicationServices.framework/Versions/A/Frameworks/ATS.framework/Versions/A/Resources/libFontRegistry.dylib
0x00007fff2b7ae000 	/System/Library/PrivateFrameworks/FontServices.framework/libhvf.dylib
0x00007fff2b173000 	/System/Library/PrivateFrameworks/AppleVA.framework/Versions/A/AppleVA
0x00007fff2cec8000 	/System/Library/Frameworks/ApplicationServices.framework/Versions/A/Frameworks/ATS.framework/Versions/A/ATS
0x00007fff2d1db000 	/System/Library/Frameworks/ApplicationServices.framework/Versions/A/Frameworks/ColorSyncLegacy.framework/Versions/A/ColorSyncLegacy
0x00007fff25841000 	/System/Library/Frameworks/ApplicationServices.framework/Versions/A/Frameworks/HIServices.framework/Versions/A/HIServices
0x00007fff2d1c0000 	/System/Library/Frameworks/ApplicationServices.framework/Versions/A/Frameworks/LangAnalysis.framework/Versions/A/LangAnalysis
0x00007fff2be73000 	/System/Library/Frameworks/ApplicationServices.framework/Versions/A/Frameworks/PrintCore.framework/Versions/A/PrintCore
0x00007fff2d1e3000 	/System/Library/Frameworks/ApplicationServices.framework/Versions/A/Frameworks/QD.framework/Versions/A/QD
0x00007fff2ceb8000 	/System/Library/Frameworks/ApplicationServices.framework/Versions/A/Frameworks/SpeechSynthesis.framework/Versions/A/SpeechSynthesis
0x00007fff2be34000 	/System/Library/Frameworks/ApplicationServices.framework/Versions/A/Frameworks/ATSUI.framework/Versions/A/ATSUI
0x00007fff2d160000 	/usr/lib/libcups.2.dylib
0x00007fff2d1d0000 	/System/Library/PrivateFrameworks/NetAuth.framework/Versions/A/NetAuth
0x00007fff2d85f000 	/System/Library/Frameworks/Kerberos.framework/Versions/A/Kerberos
0x00007fff2d86f000 	/System/Library/Frameworks/GSS.framework/Versions/A/GSS
0x00007fff2cf35000 	/usr/lib/libresolv.9.dylib
0x00007fff2b7c4000 	/System/Library/PrivateFrameworks/Heimdal.framework/Versions/A/Heimdal
0x00007fff33526000 	/System/Library/Frameworks/Kerberos.framework/Versions/A/Libraries/libHeimdalProxy.dylib
0x00007fff2640f000 	/System/Library/Frameworks/Network.framework/Versions/A/Network
0x00007fff2b1e0000 	/usr/lib/libheimdal-asn1.dylib
0x00007fff2d8c0000 	/System/Library/PrivateFrameworks/CommonAuth.framework/Versions/A/CommonAuth
0x00007fff2745c000 	/System/Library/PrivateFrameworks/login.framework/Versions/A/Frameworks/loginsupport.framework/Versions/A/loginsupport
0x00007fff2ce3f000 	/System/Library/PrivateFrameworks/AudioSession.framework/Versions/A/AudioSession
0x00007fff2cea5000 	/usr/lib/libAudioStatistics.dylib
0x00007fff2b26c000 	/System/Library/PrivateFrameworks/MediaExperience.framework/Versions/A/MediaExperience
0x00007fff2ccd8000 	/System/Library/PrivateFrameworks/AudioSession.framework/libSessionUtility.dylib
0x00007fff2d850000 	/usr/lib/libperfcheck.dylib
0x00007fff2d1ef000 	/System/Library/PrivateFrameworks/AudioResourceArbitration.framework/Versions/A/AudioResourceArbitration
0x00007fff2b1ea000 	/System/Library/PrivateFrameworks/IconFoundation.framework/Versions/A/IconFoundation
0x00007fff2fcf3000 	/System/Library/PrivateFrameworks/SpeechRecognitionCore.framework/Versions/A/SpeechRecognitionCore
0x0000000104000000 	/Applications/Eclipse.app/Contents/Eclipse/plugins/org.eclipse.justj.openjdk.hotspot.jre.full.macosx.x86_64_15.0.2.v20210201-0955/jre/lib/server/libjvm.dylib
0x0000000101cd5000 	/Applications/Eclipse.app/Contents/Eclipse/plugins/org.eclipse.justj.openjdk.hotspot.jre.full.macosx.x86_64_15.0.2.v20210201-0955/jre/lib/libjimage.dylib
0x0000000101ce3000 	/Applications/Eclipse.app/Contents/Eclipse/plugins/org.eclipse.justj.openjdk.hotspot.jre.full.macosx.x86_64_15.0.2.v20210201-0955/jre/lib/libjdwp.dylib
0x0000000101d27000 	/Applications/Eclipse.app/Contents/Eclipse/plugins/org.eclipse.justj.openjdk.hotspot.jre.full.macosx.x86_64_15.0.2.v20210201-0955/jre/lib/libjava.dylib
0x0000000101d52000 	/Applications/Eclipse.app/Contents/Eclipse/plugins/org.eclipse.justj.openjdk.hotspot.jre.full.macosx.x86_64_15.0.2.v20210201-0955/jre/lib/libinstrument.dylib
0x0000000101fd1000 	/Applications/Eclipse.app/Contents/Eclipse/plugins/org.eclipse.justj.openjdk.hotspot.jre.full.macosx.x86_64_15.0.2.v20210201-0955/jre/lib/libzip.dylib
0x0000000101ff0000 	/Applications/Eclipse.app/Contents/Eclipse/plugins/org.eclipse.justj.openjdk.hotspot.jre.full.macosx.x86_64_15.0.2.v20210201-0955/jre/lib/libdt_socket.dylib
0x0000000105fd3000 	/Applications/Eclipse.app/Contents/Eclipse/plugins/org.eclipse.justj.openjdk.hotspot.jre.full.macosx.x86_64_15.0.2.v20210201-0955/jre/lib/libnio.dylib
0x0000000105fe7000 	/Applications/Eclipse.app/Contents/Eclipse/plugins/org.eclipse.justj.openjdk.hotspot.jre.full.macosx.x86_64_15.0.2.v20210201-0955/jre/lib/libnet.dylib
0x0000000106000000 	/Applications/Eclipse.app/Contents/Eclipse/plugins/org.eclipse.justj.openjdk.hotspot.jre.full.macosx.x86_64_15.0.2.v20210201-0955/jre/lib/libverify.dylib


VM Arguments:
jvm_args: -XX:+ShowCodeDetailsInExceptionMessages -agentlib:jdwp=transport=dt_socket,suspend=y,address=localhost:49207 -javaagent:/Applications/Eclipse.app/Contents/Eclipse/configuration/org.eclipse.osgi/550/0/.cp/lib/javaagent-shaded.jar -Dfile.encoding=UTF-8 
java_command: de.bfw.klassenundobjekte.OOP_KlassenUndObjekte
java_class_path (initial): /Users/PatrykFilipow/Documents/bfw/1mo-pt_programmiertechnik_ass_hr_assmus/eclipse_workspace/OOP_KlassenUndObjekte/bin
Launcher Type: SUN_STANDARD

[Global flags]
     intx CICompilerCount                          = 3                                         {product} {ergonomic}
     uint ConcGCThreads                            = 1                                         {product} {ergonomic}
     uint G1ConcRefinementThreads                  = 4                                         {product} {ergonomic}
   size_t G1HeapRegionSize                         = 2097152                                   {product} {ergonomic}
    uintx GCDrainStackTargetSize                   = 64                                        {product} {ergonomic}
   size_t InitialHeapSize                          = 268435456                                 {product} {ergonomic}
   size_t MarkStackSize                            = 4194304                                   {product} {ergonomic}
   size_t MaxHeapSize                              = 4294967296                                {product} {ergonomic}
   size_t MaxNewSize                               = 2575302656                                {product} {ergonomic}
   size_t MinHeapDeltaBytes                        = 2097152                                   {product} {ergonomic}
   size_t MinHeapSize                              = 8388608                                   {product} {ergonomic}
    uintx NonNMethodCodeHeapSize                   = 5832780                                {pd product} {ergonomic}
    uintx NonProfiledCodeHeapSize                  = 122912730                              {pd product} {ergonomic}
    uintx ProfiledCodeHeapSize                     = 122912730                              {pd product} {ergonomic}
    uintx ReservedCodeCacheSize                    = 251658240                              {pd product} {ergonomic}
     bool SegmentedCodeCache                       = true                                      {product} {ergonomic}
     bool ShowCodeDetailsInExceptionMessages       = true                                   {manageable} {command line}
   size_t SoftMaxHeapSize                          = 4294967296                             {manageable} {ergonomic}
     bool UseCompressedClassPointers               = true                                 {lp64_product} {ergonomic}
     bool UseCompressedOops                        = true                                 {lp64_product} {ergonomic}
     bool UseG1GC                                  = true                                      {product} {ergonomic}
     bool UseNUMA                                  = false                                     {product} {ergonomic}
     bool UseNUMAInterleaving                      = false                                     {product} {ergonomic}

Logging:
Log output configuration:
 #0: stdout all=warning uptime,level,tags
 #1: stderr all=off uptime,level,tags

Environment Variables:
PATH=/usr/bin:/bin:/usr/sbin:/sbin
SHELL=/bin/zsh

Signal Handlers:
SIGSEGV: [libjvm.dylib+0xa01020], sa_mask[0]=11111111011111110111111111111111, sa_flags=SA_ONSTACK|SA_RESTART|SA_SIGINFO
SIGBUS: [libjvm.dylib+0xa01020], sa_mask[0]=11111111011111110111111111111111, sa_flags=SA_RESTART|SA_SIGINFO
SIGFPE: [libjvm.dylib+0xa01020], sa_mask[0]=11111111011111110111111111111111, sa_flags=SA_RESTART|SA_SIGINFO
SIGPIPE: [libjvm.dylib+0x82c500], sa_mask[0]=11111111011111110111111111111111, sa_flags=SA_RESTART|SA_SIGINFO
SIGXFSZ: [libjvm.dylib+0x82c500], sa_mask[0]=11111111011111110111111111111111, sa_flags=SA_RESTART|SA_SIGINFO
SIGILL: [libjvm.dylib+0xa01020], sa_mask[0]=11111111011111110111111111111111, sa_flags=SA_RESTART|SA_SIGINFO
SIGUSR2: [libjvm.dylib+0x82d010], sa_mask[0]=00100000000000000000000000000000, sa_flags=SA_RESTART|SA_SIGINFO
SIGHUP: [libjvm.dylib+0x82b710], sa_mask[0]=11111111011111110111111111111111, sa_flags=SA_RESTART|SA_SIGINFO
SIGINT: [libjvm.dylib+0x82b710], sa_mask[0]=11111111011111110111111111111111, sa_flags=SA_RESTART|SA_SIGINFO
SIGTERM: [libjvm.dylib+0x82b710], sa_mask[0]=11111111011111110111111111111111, sa_flags=SA_RESTART|SA_SIGINFO
SIGQUIT: [libjvm.dylib+0x82b710], sa_mask[0]=11111111011111110111111111111111, sa_flags=SA_RESTART|SA_SIGINFO


---------------  S Y S T E M  ---------------

OS:uname: Darwin 20.6.0 Darwin Kernel Version 20.6.0: Wed Jun 23 00:26:31 PDT 2021; root:xnu-7195.141.2~5/RELEASE_X86_64 x86_64
OS uptime: 0 days 6:38 hours
rlimit (soft/hard): STACK 8192k/65532k , CORE 0k/infinity , NPROC 2784/4176 , NOFILE 10240/infinity , AS infinity/infinity , CPU infinity/infinity , DATA infinity/infinity , FSIZE infinity/infinity , MEMLOCK infinity/infinity , RSS infinity/infinity
load average: 2.58 2.06 1.83

CPU: total 4 (initial active 4) (2 cores per cpu, 2 threads per core) family 6 model 61 stepping 4 microcode 0x2f, cmov, cx8, fxsr, mmx, sse, sse2, sse3, ssse3, sse4.1, sse4.2, popcnt, vzeroupper, avx, avx2, aes, clmul, erms, 3dnowpref, lzcnt, ht, tsc, tscinvbit, bmi1, bmi2, adx, fma, clflush

Memory: 4k page, physical 16777216k(3549136k free), swap 0k(0k free)

vm_info: OpenJDK 64-Bit Server VM (15.0.2+7-27) for bsd-amd64 JRE (15.0.2+7-27), built on Dec  7 2020 20:01:12 by "mach5one" with clang 4.2.1 Compatible Apple LLVM 10.0.0 (clang-1000.11.45.5)

END.
